SVC_PA_ActualizacionParametrosNotificaciones>>BrDav>>default>>0>>1509140193430
2871<<Administration Result<<2017-10-27 16:36:42.926 COT<<Assist<<deploy<<C:/Users/Assist/IBM/IntegrationToolkit90/workspace/GeneratedBarFiles/SVC_PA_ActualizacionParametrosNotificacionesproject.generated.bar<<BAR<<default<<ExecutionGroup<<COMPLETE
SVC_PA_ActualizacionParametrosNotificaciones>>BrDav>>default>>0>>1509142893335
2871<<Administration Result<<2017-10-27 17:21:44.703 COT<<Assist<<deploy<<C:/Users/Assist/IBM/IntegrationToolkit90/workspace/GeneratedBarFiles/SVC_PA_ActualizacionParametrosNotificacionesproject.generated.bar<<BAR<<default<<ExecutionGroup<<COMPLETE
FWK_RPGIntegrationAdapter>>BrDav>>default>>0>>1509143757605
2871<<Administration Result<<2017-10-27 17:36:15.284 COT<<Assist<<deploy<<C:/Users/Assist/IBM/IntegrationToolkit90/workspace/GeneratedBarFiles/FWK_RPGIntegrationAdapterproject.generated.bar<<BAR<<default<<ExecutionGroup<<COMPLETE
SVC_PA_ActualizacionParametrosNotificaciones>>BrDav>>default>>0>>1509375922694
2871<<Administration Result<<2017-10-30 10:05:33.833 COT<<Assist<<deploy<<C:/Users/Assist/IBM/IntegrationToolkit90/workspace/GeneratedBarFiles/SVC_PA_ActualizacionParametrosNotificacionesproject.generated.bar<<BAR<<default<<ExecutionGroup<<COMPLETE
SVC_PA_ActualizacionParametrosNotificaciones>>BrDav>>default>>0>>1509376387308
2871<<Administration Result<<2017-10-30 10:13:21.479 COT<<Assist<<deploy<<C:/Users/Assist/IBM/IntegrationToolkit90/workspace/GeneratedBarFiles/SVC_PA_ActualizacionParametrosNotificacionesproject.generated.bar<<BAR<<default<<ExecutionGroup<<COMPLETE
SVC_PA_ActualizacionParametrosNotificaciones>>BrDav>>default>>0>>1509376428232
2871<<Administration Result<<2017-10-30 10:13:57.124 COT<<Assist<<deploy<<C:/Users/Assist/IBM/IntegrationToolkit90/workspace/GeneratedBarFiles/SVC_PA_ActualizacionParametrosNotificacionesproject.generated.bar<<BAR<<default<<ExecutionGroup<<COMPLETE
SVC_PA_ActualizacionParametrosNotificaciones>>BrDav>>default>>0>>1509376798829
2871<<Administration Result<<2017-10-30 10:20:10.882 COT<<Assist<<deploy<<C:/Users/Assist/IBM/IntegrationToolkit90/workspace/GeneratedBarFiles/SVC_PA_ActualizacionParametrosNotificacionesproject.generated.bar<<BAR<<default<<ExecutionGroup<<COMPLETE
SVC_PA_ActualizacionParametrosNotificaciones>>BrDav>>default>>0>>1509376945361
2871<<Administration Result<<2017-10-30 10:22:36.474 COT<<Assist<<deploy<<C:/Users/Assist/IBM/IntegrationToolkit90/workspace/GeneratedBarFiles/SVC_PA_ActualizacionParametrosNotificacionesproject.generated.bar<<BAR<<default<<ExecutionGroup<<COMPLETE
FWK_RPGIntegrationAdapter>>BrDav>>default>>0>>1509377653811
2871<<Administration Result<<2017-10-30 10:34:27.048 COT<<Assist<<deploy<<C:/Users/Assist/IBM/IntegrationToolkit90/workspace/GeneratedBarFiles/FWK_RPGIntegrationAdapterproject.generated.bar<<BAR<<default<<ExecutionGroup<<COMPLETE
SVC_PA_ActualizacionParametrosNotificaciones>>BrDav>>default>>0>>1509377836559
2871<<Administration Result<<2017-10-30 10:37:53.477 COT<<Assist<<deploy<<C:/Users/Assist/IBM/IntegrationToolkit90/workspace/GeneratedBarFiles/SVC_PA_ActualizacionParametrosNotificacionesproject.generated.bar<<BAR<<default<<ExecutionGroup<<COMPLETE
SVC_PA_ActualizacionParametrosNotificaciones>>BrDav>>default>>0>>1509378438382
2871<<Administration Result<<2017-10-30 10:47:28.934 COT<<Assist<<deploy<<C:/Users/Assist/IBM/IntegrationToolkit90/workspace/GeneratedBarFiles/SVC_PA_ActualizacionParametrosNotificacionesproject.generated.bar<<BAR<<default<<ExecutionGroup<<COMPLETE
SVC_PA_ActualizacionParametrosNotificaciones>>BrDav>>default>>0>>1509378818575
2871<<Administration Result<<2017-10-30 10:53:51.137 COT<<Assist<<deploy<<C:/Users/Assist/IBM/IntegrationToolkit90/workspace/GeneratedBarFiles/SVC_PA_ActualizacionParametrosNotificacionesproject.generated.bar<<BAR<<default<<ExecutionGroup<<COMPLETE
SVC_PA_ActualizacionParametrosNotificaciones>>BrDav>>default>>0>>1509390291127
2871<<Administration Result<<2017-10-30 14:05:08.841 COT<<Assist<<deploy<<C:/Users/Assist/IBM/IntegrationToolkit90/workspace/GeneratedBarFiles/SVC_PA_ActualizacionParametrosNotificacionesproject.generated.bar<<BAR<<default<<ExecutionGroup<<COMPLETE
SVC_PA_ActualizacionParametrosNotificaciones>>BrDav>>default>>0>>1509391125096
2871<<Administration Result<<2017-10-30 14:18:57.526 COT<<Assist<<deploy<<C:/Users/Assist/IBM/IntegrationToolkit90/workspace/GeneratedBarFiles/SVC_PA_ActualizacionParametrosNotificacionesproject.generated.bar<<BAR<<default<<ExecutionGroup<<COMPLETE
SVC_PA_ActualizacionParametrosNotificaciones>>BrDav>>default>>0>>1509391493322
2871<<Administration Result<<2017-10-30 14:25:02.893 COT<<Assist<<deploy<<C:/Users/Assist/IBM/IntegrationToolkit90/workspace/GeneratedBarFiles/SVC_PA_ActualizacionParametrosNotificacionesproject.generated.bar<<BAR<<default<<ExecutionGroup<<COMPLETE
SVC_PA_ActualizacionParametrosNotificaciones>>BrDav>>default>>0>>1509392058934
2871<<Administration Result<<2017-10-30 14:34:29.903 COT<<Assist<<deploy<<C:/Users/Assist/IBM/IntegrationToolkit90/workspace/GeneratedBarFiles/SVC_PA_ActualizacionParametrosNotificacionesproject.generated.bar<<BAR<<default<<ExecutionGroup<<COMPLETE
SVC_PA_ActualizacionParametrosNotificaciones>>BrDav>>default>>0>>1509392122637
2871<<Administration Result<<2017-10-30 14:35:37.800 COT<<Assist<<deploy<<C:/Users/Assist/IBM/IntegrationToolkit90/workspace/GeneratedBarFiles/SVC_PA_ActualizacionParametrosNotificacionesproject.generated.bar<<BAR<<default<<ExecutionGroup<<COMPLETE
SVC_PA_ActualizacionParametrosNotificaciones>>BrDav>>default>>0>>1509396769186
2871<<Administration Result<<2017-10-30 15:52:59.618 COT<<Assist<<deploy<<C:/Users/Assist/IBM/IntegrationToolkit90/workspace/GeneratedBarFiles/SVC_PA_ActualizacionParametrosNotificacionesproject.generated.bar<<BAR<<default<<ExecutionGroup<<COMPLETE
SVC_PA_ActualizacionParametrosNotificaciones>>BrDav>>default>>0>>1509396848358
2871<<Administration Result<<2017-10-30 15:54:20.444 COT<<Assist<<deploy<<C:/Users/Assist/IBM/IntegrationToolkit90/workspace/GeneratedBarFiles/SVC_PA_ActualizacionParametrosNotificacionesproject.generated.bar<<BAR<<default<<ExecutionGroup<<COMPLETE
SVC_PA_ActualizacionParametrosNotificaciones>>BrDav>>default>>0>>1509397681302
2871<<Administration Result<<2017-10-30 16:08:12.468 COT<<Assist<<deploy<<C:/Users/Assist/IBM/IntegrationToolkit90/workspace/GeneratedBarFiles/SVC_PA_ActualizacionParametrosNotificacionesproject.generated.bar<<BAR<<default<<ExecutionGroup<<COMPLETE
SVC_PA_ActualizacionParametrosNotificaciones>>BrDav>>default>>0>>1509398131187
2871<<Administration Result<<2017-10-30 16:15:45.474 COT<<Assist<<deploy<<C:/Users/Assist/IBM/IntegrationToolkit90/workspace/GeneratedBarFiles/SVC_PA_ActualizacionParametrosNotificacionesproject.generated.bar<<BAR<<default<<ExecutionGroup<<COMPLETE
SVC_PA_ActualizacionParametrosNotificaciones>>BrDav>>default>>0>>1509398352548
2871<<Administration Result<<2017-10-30 16:19:24.122 COT<<Assist<<deploy<<C:/Users/Assist/IBM/IntegrationToolkit90/workspace/GeneratedBarFiles/SVC_PA_ActualizacionParametrosNotificacionesproject.generated.bar<<BAR<<default<<ExecutionGroup<<COMPLETE
SVC_PA_ConsultaPadronCliente>>BrDav>>default>>0>>1509549287638
2871<<Administration Result<<2017-11-01 10:15:28.076 COT<<Assist<<deploy<<C:/Users/Assist/IBM/IntegrationToolkit90/workspace/GeneratedBarFiles/SVC_PA_ConsultaPadronClienteproject.generated.bar<<BAR<<default<<ExecutionGroup<<COMPLETE
SVC_PA_ConsultaPadronCliente>>BrDav>>default>>0>>1509549489022
2871<<Administration Result<<2017-11-01 10:18:22.448 COT<<Assist<<deploy<<C:/Users/Assist/IBM/IntegrationToolkit90/workspace/GeneratedBarFiles/SVC_PA_ConsultaPadronClienteproject.generated.bar<<BAR<<default<<ExecutionGroup<<COMPLETE
SVC_PA_ConsultaPadronCliente>>BrDav>>default>>0>>1509550705278
2871<<Administration Result<<2017-11-01 10:38:36.852 COT<<Assist<<deploy<<C:/Users/Assist/IBM/IntegrationToolkit90/workspace/GeneratedBarFiles/SVC_PA_ConsultaPadronClienteproject.generated.bar<<BAR<<default<<ExecutionGroup<<COMPLETE
SVC_PA_ConsultaPadronCliente>>BrDav>>default>>0>>1509550883247
2871<<Administration Result<<2017-11-01 10:41:35.881 COT<<Assist<<deploy<<C:/Users/Assist/IBM/IntegrationToolkit90/workspace/GeneratedBarFiles/SVC_PA_ConsultaPadronClienteproject.generated.bar<<BAR<<default<<ExecutionGroup<<COMPLETE
SVC_PA_ConsultaPadronCliente>>BrDav>>default>>0>>1509551044643
2871<<Administration Result<<2017-11-01 10:44:16.049 COT<<Assist<<deploy<<C:/Users/Assist/IBM/IntegrationToolkit90/workspace/GeneratedBarFiles/SVC_PA_ConsultaPadronClienteproject.generated.bar<<BAR<<default<<ExecutionGroup<<COMPLETE
SVC_PA_ConsultaPadronCliente>>BrDav>>default>>0>>1509567245576
2871<<Administration Result<<2017-11-01 15:14:15.888 COT<<Assist<<deploy<<C:/Users/Assist/IBM/IntegrationToolkit90/workspace/GeneratedBarFiles/SVC_PA_ConsultaPadronClienteproject.generated.bar<<BAR<<default<<ExecutionGroup<<COMPLETE
SVC_PA_ConsultaPadronCliente>>BrDav>>default>>0>>1509567577441
2871<<Administration Result<<2017-11-01 15:19:47.376 COT<<Assist<<deploy<<C:/Users/Assist/IBM/IntegrationToolkit90/workspace/GeneratedBarFiles/SVC_PA_ConsultaPadronClienteproject.generated.bar<<BAR<<default<<ExecutionGroup<<COMPLETE
FWK_RPGIntegrationAdapter>>BrDav>>default>>0>>1509568389362
2871<<Administration Result<<2017-11-01 15:33:26.921 COT<<Assist<<deploy<<C:/Users/Assist/IBM/IntegrationToolkit90/workspace/GeneratedBarFiles/FWK_RPGIntegrationAdapterproject.generated.bar<<BAR<<default<<ExecutionGroup<<COMPLETE
RPGIntegrationAdapterJavaLIB>>BrDav>>default>>0>>1509571221634
2871<<Administration Result<<2017-11-01 16:20:22.680 COT<<Assist<<deploy<<C:/Users/Assist/IBM/IntegrationToolkit90/workspace/GeneratedBarFiles/RPGIntegrationAdapterJavaLIBproject.generated.bar<<BAR<<default<<ExecutionGroup<<COMPLETE
RPGIntegrationAdapterJavaLIB>>BrDav>>default>>0>>1509574018467
2871<<Administration Result<<2017-11-01 17:07:00.060 COT<<Assist<<deploy<<C:/Users/Assist/IBM/IntegrationToolkit90/workspace/GeneratedBarFiles/RPGIntegrationAdapterJavaLIBproject.generated.bar<<BAR<<default<<ExecutionGroup<<COMPLETE
FWK_RPGIntegrationAdapter>>BrDav>>default>>0>>1509574058980
2871<<Administration Result<<2017-11-01 17:07:53.707 COT<<Assist<<deploy<<C:/Users/Assist/IBM/IntegrationToolkit90/workspace/GeneratedBarFiles/FWK_RPGIntegrationAdapterproject.generated.bar<<BAR<<default<<ExecutionGroup<<COMPLETE
SVC_PA_ConsultaPadronCliente>>BrDav>>default>>0>>1509632302383
2871<<Administration Result<<2017-11-02 09:18:37.097 COT<<Assist<<deploy<<C:/Users/Assist/IBM/IntegrationToolkit90/workspace/GeneratedBarFiles/SVC_PA_ConsultaPadronClienteproject.generated.bar<<BAR<<default<<ExecutionGroup<<COMPLETE
SVC_PA_ConsultaPadronCliente>>BrDav>>default>>0>>1509635058188
2871<<Administration Result<<2017-11-02 10:04:29.410 COT<<Assist<<deploy<<C:/Users/Assist/IBM/IntegrationToolkit90/workspace/GeneratedBarFiles/SVC_PA_ConsultaPadronClienteproject.generated.bar<<BAR<<default<<ExecutionGroup<<COMPLETE
SVC_PA_ConsultaPadronCliente>>BrDav>>default>>0>>1509635439066
2871<<Administration Result<<2017-11-02 10:10:51.450 COT<<Assist<<deploy<<C:/Users/Assist/IBM/IntegrationToolkit90/workspace/GeneratedBarFiles/SVC_PA_ConsultaPadronClienteproject.generated.bar<<BAR<<default<<ExecutionGroup<<COMPLETE
SVC_PA_ConsultaPadronCliente>>BrDav>>default>>0>>1509635499707
2871<<Administration Result<<2017-11-02 10:11:52.730 COT<<Assist<<deploy<<C:/Users/Assist/IBM/IntegrationToolkit90/workspace/GeneratedBarFiles/SVC_PA_ConsultaPadronClienteproject.generated.bar<<BAR<<default<<ExecutionGroup<<COMPLETE
SVC_PA_ConsultaPadronCliente>>BrDav>>default>>0>>1509636053532
2871<<Administration Result<<2017-11-02 10:21:03.668 COT<<Assist<<deploy<<C:/Users/Assist/IBM/IntegrationToolkit90/workspace/GeneratedBarFiles/SVC_PA_ConsultaPadronClienteproject.generated.bar<<BAR<<default<<ExecutionGroup<<COMPLETE
SVC_PA_ConsultaPadronCliente>>BrDav>>default>>0>>1509637002850
2871<<Administration Result<<2017-11-02 10:36:54.049 COT<<Assist<<deploy<<C:/Users/Assist/IBM/IntegrationToolkit90/workspace/GeneratedBarFiles/SVC_PA_ConsultaPadronClienteproject.generated.bar<<BAR<<default<<ExecutionGroup<<COMPLETE
SVC_PA_ConsultaPadronCliente>>BrDav>>default>>0>>1509637247871
2871<<Administration Result<<2017-11-02 10:41:01.699 COT<<Assist<<deploy<<C:/Users/Assist/IBM/IntegrationToolkit90/workspace/GeneratedBarFiles/SVC_PA_ConsultaPadronClienteproject.generated.bar<<BAR<<default<<ExecutionGroup<<COMPLETE
SVC_PA_ConsultaPadronCliente>>BrDav>>default>>0>>1509637531738
2871<<Administration Result<<2017-11-02 10:45:43.752 COT<<Assist<<deploy<<C:/Users/Assist/IBM/IntegrationToolkit90/workspace/GeneratedBarFiles/SVC_PA_ConsultaPadronClienteproject.generated.bar<<BAR<<default<<ExecutionGroup<<COMPLETE
SVC_PA_ConsultaPadronCliente>>BrDav>>default>>0>>1509637573248
2871<<Administration Result<<2017-11-02 10:46:24.613 COT<<Assist<<deploy<<C:/Users/Assist/IBM/IntegrationToolkit90/workspace/GeneratedBarFiles/SVC_PA_ConsultaPadronClienteproject.generated.bar<<BAR<<default<<ExecutionGroup<<COMPLETE
SVC_PA_ConsultaPadronCliente>>BrDav>>default>>0>>1509638028810
2871<<Administration Result<<2017-11-02 10:54:00.400 COT<<Assist<<deploy<<C:/Users/Assist/IBM/IntegrationToolkit90/workspace/GeneratedBarFiles/SVC_PA_ConsultaPadronClienteproject.generated.bar<<BAR<<default<<ExecutionGroup<<COMPLETE
SVC_PA_ConsultaPadronCliente>>BrDav>>default>>0>>1509638758990
2871<<Administration Result<<2017-11-02 11:06:15.326 COT<<Assist<<deploy<<C:/Users/Assist/IBM/IntegrationToolkit90/workspace/GeneratedBarFiles/SVC_PA_ConsultaPadronClienteproject.generated.bar<<BAR<<default<<ExecutionGroup<<COMPLETE
SVC_PA_ConsultaPadronCliente>>BrDav>>default>>0>>1509724448942
2871<<Administration Result<<2017-11-03 10:54:18.676 COT<<Assist<<deploy<<C:/Users/Assist/IBM/IntegrationToolkit90/workspace/GeneratedBarFiles/SVC_PA_ConsultaPadronClienteproject.generated.bar<<BAR<<default<<ExecutionGroup<<COMPLETE
FWK_RPGIntegrationAdapter>>BrDav>>default>>0>>1509724475625
2871<<Administration Result<<2017-11-03 10:54:47.855 COT<<Assist<<deploy<<C:/Users/Assist/IBM/IntegrationToolkit90/workspace/GeneratedBarFiles/FWK_RPGIntegrationAdapterproject.generated.bar<<BAR<<default<<ExecutionGroup<<COMPLETE
SVC_PA_ConsultaPadronCliente>>BrDav>>default>>0>>1509724790498
2871<<Administration Result<<2017-11-03 10:59:58.087 COT<<Assist<<deploy<<C:/Users/Assist/IBM/IntegrationToolkit90/workspace/GeneratedBarFiles/SVC_PA_ConsultaPadronClienteproject.generated.bar<<BAR<<default<<ExecutionGroup<<COMPLETE
